<?xml version="1.0" encoding="UTF-8"?>
<!-- Generated by org.testng.reporters.JUnitReportReporter -->
<testsuite hostname="LAPTOP-RDSQ4RAL" failures="0" tests="1" name="jenkinsLearningTest.Parameterized" time="12.704" errors="0" timestamp="2025-05-03T11:01:33 IST" skipped="0">
  <testcase classname="jenkinsLearningTest.Parameterized" name="login" time="12.704"/>
  <system-out/>
</testsuite> <!-- jenkinsLearningTest.Parameterized -->
