<?xml version="1.0" encoding="UTF-8"?>
<!-- Generated by org.testng.reporters.JUnitReportReporter -->
<testsuite hostname="MJ" failures="0" tests="1" name="jenkinsLearningTest.Parameterized" time="7.524" errors="0" timestamp="2025-05-03T11:01:00 IST" skipped="0">
  <testcase classname="jenkinsLearningTest.Parameterized" name="login" time="7.524"/>
</testsuite> <!-- jenkinsLearningTest.Parameterized -->
